Started GET "/" for 127.0.0.1 at 2017-02-22 12:55:44 -0600
  
AbstractController::Helpers::MissingHelperError (Missing helper file helpers/c:/sites/zola_tech/app/helpers/application_helper.rb_helper.rb):
  
actionpack (5.0.1) lib/abstract_controller/helpers.rb:152:in `rescue in block in modules_for_helpers'
actionpack (5.0.1) lib/abstract_controller/helpers.rb:149:in `block in modules_for_helpers'
actionpack (5.0.1) lib/abstract_controller/helpers.rb:145:in `map!'
actionpack (5.0.1) lib/abstract_controller/helpers.rb:145:in `modules_for_helpers'
actionpack (5.0.1) lib/action_controller/metal/helpers.rb:93:in `modules_for_helpers'
actionpack (5.0.1) lib/abstract_controller/helpers.rb:109:in `helper'
actionpack (5.0.1) lib/action_controller/railties/helpers.rb:17:in `inherited'
railties (5.0.1) lib/rails/application_controller.rb:1:in `<top (required)>'
activesupport (5.0.1) lib/active_support/dependencies.rb:293:in `require'
activesupport (5.0.1) lib/active_support/dependencies.rb:293:in `block in require'
activesupport (5.0.1) lib/active_support/dependencies.rb:259:in `load_dependency'
activesupport (5.0.1) lib/active_support/dependencies.rb:293:in `require'
railties (5.0.1) lib/rails/welcome_controller.rb:1:in `<top (required)>'
activesupport (5.0.1) lib/active_support/dependencies.rb:293:in `require'
activesupport (5.0.1) lib/active_support/dependencies.rb:293:in `block in require'
activesupport (5.0.1) lib/active_support/dependencies.rb:259:in `load_dependency'
activesupport (5.0.1) lib/active_support/dependencies.rb:293:in `require'
activesupport (5.0.1) lib/active_support/inflector/methods.rb:270:in `const_get'
activesupport (5.0.1) lib/active_support/inflector/methods.rb:270:in `block in constantize'
activesupport (5.0.1) lib/active_support/inflector/methods.rb:266:in `each'
activesupport (5.0.1) lib/active_support/inflector/methods.rb:266:in `inject'
activesupport (5.0.1) lib/active_support/inflector/methods.rb:266:in `constantize'
activesupport (5.0.1) lib/active_support/dependencies.rb:583:in `get'
activesupport (5.0.1) lib/active_support/dependencies.rb:614:in `constantize'
actionpack (5.0.1) lib/action_dispatch/http/request.rb:81:in `controller_class'
actionpack (5.0.1) lib/action_dispatch/routing/route_set.rb:44:in `controller'
actionpack (5.0.1) lib/action_dispatch/routing/route_set.rb:30:in `serve'
actionpack (5.0.1) lib/action_dispatch/journey/router.rb:39:in `block in serve'
actionpack (5.0.1) lib/action_dispatch/journey/router.rb:26:in `each'
actionpack (5.0.1) lib/action_dispatch/journey/router.rb:26:in `serve'
actionpack (5.0.1) lib/action_dispatch/routing/route_set.rb:725:in `call'
rack (2.0.1) lib/rack/etag.rb:25:in `call'
rack (2.0.1) lib/rack/conditional_get.rb:25:in `call'
rack (2.0.1) lib/rack/head.rb:12:in `call'
rack (2.0.1) lib/rack/session/abstract/id.rb:222:in `context'
rack (2.0.1) lib/rack/session/abstract/id.rb:216:in `call'
actionpack (5.0.1) lib/action_dispatch/middleware/cookies.rb:613:in `call'
activerecord (5.0.1) lib/active_record/migration.rb:553:in `call'
actionpack (5.0.1) lib/action_dispatch/middleware/callbacks.rb:38:in `block in call'
activesupport (5.0.1) lib/active_support/callbacks.rb:97:in `__run_callbacks__'
activesupport (5.0.1) lib/active_support/callbacks.rb:750:in `_run_call_callbacks'
activesupport (5.0.1) lib/active_support/callbacks.rb:90:in `run_callbacks'
actionpack (5.0.1) lib/action_dispatch/middleware/callbacks.rb:36:in `call'
actionpack (5.0.1) lib/action_dispatch/middleware/executor.rb:12:in `call'
actionpack (5.0.1) lib/action_dispatch/middleware/remote_ip.rb:79:in `call'
actionpack (5.0.1) lib/action_dispatch/middleware/debug_exceptions.rb:49:in `call'
web-console (3.4.0) lib/web_console/middleware.rb:135:in `call_app'
web-console (3.4.0) lib/web_console/middleware.rb:28:in `block in call'
web-console (3.4.0) lib/web_console/middleware.rb:18:in `catch'
web-console (3.4.0) lib/web_console/middleware.rb:18:in `call'
actionpack (5.0.1) lib/action_dispatch/middleware/show_exceptions.rb:31:in `call'
railties (5.0.1) lib/rails/rack/logger.rb:36:in `call_app'
railties (5.0.1) lib/rails/rack/logger.rb:24:in `block in call'
activesupport (5.0.1) lib/active_support/tagged_logging.rb:69:in `block in tagged'
activesupport (5.0.1) lib/active_support/tagged_logging.rb:26:in `tagged'
activesupport (5.0.1) lib/active_support/tagged_logging.rb:69:in `tagged'
railties (5.0.1) lib/rails/rack/logger.rb:24:in `call'
sprockets-rails (3.2.0) lib/sprockets/rails/quiet_assets.rb:13:in `call'
actionpack (5.0.1) lib/action_dispatch/middleware/request_id.rb:24:in `call'
rack (2.0.1) lib/rack/method_override.rb:22:in `call'
rack (2.0.1) lib/rack/runtime.rb:22:in `call'
activesupport (5.0.1) lib/active_support/cache/strategy/local_cache_middleware.rb:28:in `call'
actionpack (5.0.1) lib/action_dispatch/middleware/executor.rb:12:in `call'
actionpack (5.0.1) lib/action_dispatch/middleware/static.rb:136:in `call'
rack (2.0.1) lib/rack/sendfile.rb:111:in `call'
railties (5.0.1) lib/rails/engine.rb:522:in `call'
puma (3.7.0) lib/puma/configuration.rb:226:in `call'
puma (3.7.0) lib/puma/server.rb:578:in `handle_request'
puma (3.7.0) lib/puma/server.rb:415:in `process_client'
puma (3.7.0) lib/puma/server.rb:275:in `block in run'
puma (3.7.0) lib/puma/thread_pool.rb:120:in `block in spawn_thread'
  Rendering C:/RailsInstaller/Ruby2.3.0/lib/ruby/gems/2.3.0/gems/actionpack-5.0.1/lib/action_dispatch/middleware/templates/rescues/diagnostics.html.erb within rescues/layout
  Rendering C:/RailsInstaller/Ruby2.3.0/lib/ruby/gems/2.3.0/gems/actionpack-5.0.1/lib/action_dispatch/middleware/templates/rescues/_source.html.erb
  Rendered C:/RailsInstaller/Ruby2.3.0/lib/ruby/gems/2.3.0/gems/actionpack-5.0.1/lib/action_dispatch/middleware/templates/rescues/_source.html.erb (2.5ms)
  Rendering C:/RailsInstaller/Ruby2.3.0/lib/ruby/gems/2.3.0/gems/actionpack-5.0.1/lib/action_dispatch/middleware/templates/rescues/_trace.html.erb
  Rendered C:/RailsInstaller/Ruby2.3.0/lib/ruby/gems/2.3.0/gems/actionpack-5.0.1/lib/action_dispatch/middleware/templates/rescues/_trace.html.erb (1.0ms)
  Rendering C:/RailsInstaller/Ruby2.3.0/lib/ruby/gems/2.3.0/gems/actionpack-5.0.1/lib/action_dispatch/middleware/templates/rescues/_request_and_response.html.erb
  Rendered C:/RailsInstaller/Ruby2.3.0/lib/ruby/gems/2.3.0/gems/actionpack-5.0.1/lib/action_dispatch/middleware/templates/rescues/_request_and_response.html.erb (21.7ms)
  Rendered C:/RailsInstaller/Ruby2.3.0/lib/ruby/gems/2.3.0/gems/actionpack-5.0.1/lib/action_dispatch/middleware/templates/rescues/diagnostics.html.erb within rescues/layout (947.6ms)
Started GET "/" for 127.0.0.1 at 2017-02-22 12:57:48 -0600
Processing by Rails::WelcomeController#index as HTML
  Parameters: {"internal"=>true}
  Rendering C:/RailsInstaller/Ruby2.3.0/lib/ruby/gems/2.3.0/gems/railties-5.0.1/lib/rails/templates/rails/welcome/index.html.erb
  Rendered C:/RailsInstaller/Ruby2.3.0/lib/ruby/gems/2.3.0/gems/railties-5.0.1/lib/rails/templates/rails/welcome/index.html.erb (6.5ms)
Completed 200 OK in 116ms (Views: 53.0ms | ActiveRecord: 0.0ms)


Started GET "/" for 127.0.0.1 at 2017-02-22 13:00:53 -0600
Processing by Rails::WelcomeController#index as HTML
  Parameters: {"internal"=>true}
  Rendering C:/RailsInstaller/Ruby2.3.0/lib/ruby/gems/2.3.0/gems/railties-5.0.1/lib/rails/templates/rails/welcome/index.html.erb
  Rendered C:/RailsInstaller/Ruby2.3.0/lib/ruby/gems/2.3.0/gems/railties-5.0.1/lib/rails/templates/rails/welcome/index.html.erb (8.5ms)
Completed 200 OK in 74ms (Views: 37.5ms | ActiveRecord: 0.0ms)


Started GET "/" for 127.0.0.1 at 2017-02-22 14:01:12 -0600
  
AbstractController::Helpers::MissingHelperError (Missing helper file helpers/c:/sites/zola_tech/app/helpers/application_helper.rb_helper.rb):
  
actionpack (5.0.1) lib/abstract_controller/helpers.rb:152:in `rescue in block in modules_for_helpers'
actionpack (5.0.1) lib/abstract_controller/helpers.rb:149:in `block in modules_for_helpers'
actionpack (5.0.1) lib/abstract_controller/helpers.rb:145:in `map!'
actionpack (5.0.1) lib/abstract_controller/helpers.rb:145:in `modules_for_helpers'
actionpack (5.0.1) lib/action_controller/metal/helpers.rb:93:in `modules_for_helpers'
actionpack (5.0.1) lib/abstract_controller/helpers.rb:109:in `helper'
actionpack (5.0.1) lib/action_controller/railties/helpers.rb:17:in `inherited'
railties (5.0.1) lib/rails/application_controller.rb:1:in `<top (required)>'
activesupport (5.0.1) lib/active_support/dependencies.rb:293:in `require'
activesupport (5.0.1) lib/active_support/dependencies.rb:293:in `block in require'
activesupport (5.0.1) lib/active_support/dependencies.rb:259:in `load_dependency'
activesupport (5.0.1) lib/active_support/dependencies.rb:293:in `require'
railties (5.0.1) lib/rails/welcome_controller.rb:1:in `<top (required)>'
activesupport (5.0.1) lib/active_support/dependencies.rb:293:in `require'
activesupport (5.0.1) lib/active_support/dependencies.rb:293:in `block in require'
activesupport (5.0.1) lib/active_support/dependencies.rb:259:in `load_dependency'
activesupport (5.0.1) lib/active_support/dependencies.rb:293:in `require'
activesupport (5.0.1) lib/active_support/inflector/methods.rb:270:in `const_get'
activesupport (5.0.1) lib/active_support/inflector/methods.rb:270:in `block in constantize'
activesupport (5.0.1) lib/active_support/inflector/methods.rb:266:in `each'
activesupport (5.0.1) lib/active_support/inflector/methods.rb:266:in `inject'
activesupport (5.0.1) lib/active_support/inflector/methods.rb:266:in `constantize'
activesupport (5.0.1) lib/active_support/dependencies.rb:583:in `get'
activesupport (5.0.1) lib/active_support/dependencies.rb:614:in `constantize'
actionpack (5.0.1) lib/action_dispatch/http/request.rb:81:in `controller_class'
actionpack (5.0.1) lib/action_dispatch/routing/route_set.rb:44:in `controller'
actionpack (5.0.1) lib/action_dispatch/routing/route_set.rb:30:in `serve'
actionpack (5.0.1) lib/action_dispatch/journey/router.rb:39:in `block in serve'
actionpack (5.0.1) lib/action_dispatch/journey/router.rb:26:in `each'
actionpack (5.0.1) lib/action_dispatch/journey/router.rb:26:in `serve'
actionpack (5.0.1) lib/action_dispatch/routing/route_set.rb:725:in `call'
rack (2.0.1) lib/rack/etag.rb:25:in `call'
rack (2.0.1) lib/rack/conditional_get.rb:25:in `call'
rack (2.0.1) lib/rack/head.rb:12:in `call'
rack (2.0.1) lib/rack/session/abstract/id.rb:222:in `context'
rack (2.0.1) lib/rack/session/abstract/id.rb:216:in `call'
actionpack (5.0.1) lib/action_dispatch/middleware/cookies.rb:613:in `call'
activerecord (5.0.1) lib/active_record/migration.rb:553:in `call'
actionpack (5.0.1) lib/action_dispatch/middleware/callbacks.rb:38:in `block in call'
activesupport (5.0.1) lib/active_support/callbacks.rb:97:in `__run_callbacks__'
activesupport (5.0.1) lib/active_support/callbacks.rb:750:in `_run_call_callbacks'
activesupport (5.0.1) lib/active_support/callbacks.rb:90:in `run_callbacks'
actionpack (5.0.1) lib/action_dispatch/middleware/callbacks.rb:36:in `call'
actionpack (5.0.1) lib/action_dispatch/middleware/executor.rb:12:in `call'
actionpack (5.0.1) lib/action_dispatch/middleware/remote_ip.rb:79:in `call'
actionpack (5.0.1) lib/action_dispatch/middleware/debug_exceptions.rb:49:in `call'
web-console (3.4.0) lib/web_console/middleware.rb:135:in `call_app'
web-console (3.4.0) lib/web_console/middleware.rb:28:in `block in call'
web-console (3.4.0) lib/web_console/middleware.rb:18:in `catch'
web-console (3.4.0) lib/web_console/middleware.rb:18:in `call'
actionpack (5.0.1) lib/action_dispatch/middleware/show_exceptions.rb:31:in `call'
railties (5.0.1) lib/rails/rack/logger.rb:36:in `call_app'
railties (5.0.1) lib/rails/rack/logger.rb:24:in `block in call'
activesupport (5.0.1) lib/active_support/tagged_logging.rb:69:in `block in tagged'
activesupport (5.0.1) lib/active_support/tagged_logging.rb:26:in `tagged'
activesupport (5.0.1) lib/active_support/tagged_logging.rb:69:in `tagged'
railties (5.0.1) lib/rails/rack/logger.rb:24:in `call'
sprockets-rails (3.2.0) lib/sprockets/rails/quiet_assets.rb:13:in `call'
actionpack (5.0.1) lib/action_dispatch/middleware/request_id.rb:24:in `call'
rack (2.0.1) lib/rack/method_override.rb:22:in `call'
rack (2.0.1) lib/rack/runtime.rb:22:in `call'
activesupport (5.0.1) lib/active_support/cache/strategy/local_cache_middleware.rb:28:in `call'
actionpack (5.0.1) lib/action_dispatch/middleware/executor.rb:12:in `call'
actionpack (5.0.1) lib/action_dispatch/middleware/static.rb:136:in `call'
rack (2.0.1) lib/rack/sendfile.rb:111:in `call'
railties (5.0.1) lib/rails/engine.rb:522:in `call'
puma (3.7.0) lib/puma/configuration.rb:226:in `call'
puma (3.7.0) lib/puma/server.rb:578:in `handle_request'
puma (3.7.0) lib/puma/server.rb:415:in `process_client'
puma (3.7.0) lib/puma/server.rb:275:in `block in run'
puma (3.7.0) lib/puma/thread_pool.rb:120:in `block in spawn_thread'
  Rendering C:/RailsInstaller/Ruby2.3.0/lib/ruby/gems/2.3.0/gems/actionpack-5.0.1/lib/action_dispatch/middleware/templates/rescues/diagnostics.html.erb within rescues/layout
  Rendering C:/RailsInstaller/Ruby2.3.0/lib/ruby/gems/2.3.0/gems/actionpack-5.0.1/lib/action_dispatch/middleware/templates/rescues/_source.html.erb
  Rendered C:/RailsInstaller/Ruby2.3.0/lib/ruby/gems/2.3.0/gems/actionpack-5.0.1/lib/action_dispatch/middleware/templates/rescues/_source.html.erb (3.0ms)
  Rendering C:/RailsInstaller/Ruby2.3.0/lib/ruby/gems/2.3.0/gems/actionpack-5.0.1/lib/action_dispatch/middleware/templates/rescues/_trace.html.erb
  Rendered C:/RailsInstaller/Ruby2.3.0/lib/ruby/gems/2.3.0/gems/actionpack-5.0.1/lib/action_dispatch/middleware/templates/rescues/_trace.html.erb (1.5ms)
  Rendering C:/RailsInstaller/Ruby2.3.0/lib/ruby/gems/2.3.0/gems/actionpack-5.0.1/lib/action_dispatch/middleware/templates/rescues/_request_and_response.html.erb
  Rendered C:/RailsInstaller/Ruby2.3.0/lib/ruby/gems/2.3.0/gems/actionpack-5.0.1/lib/action_dispatch/middleware/templates/rescues/_request_and_response.html.erb (15.6ms)
  Rendered C:/RailsInstaller/Ruby2.3.0/lib/ruby/gems/2.3.0/gems/actionpack-5.0.1/lib/action_dispatch/middleware/templates/rescues/diagnostics.html.erb within rescues/layout (935.1ms)
Started GET "/" for 127.0.0.1 at 2017-02-22 14:01:24 -0600
Processing by Rails::WelcomeController#index as HTML
  Parameters: {"internal"=>true}
  Rendering C:/RailsInstaller/Ruby2.3.0/lib/ruby/gems/2.3.0/gems/railties-5.0.1/lib/rails/templates/rails/welcome/index.html.erb
  Rendered C:/RailsInstaller/Ruby2.3.0/lib/ruby/gems/2.3.0/gems/railties-5.0.1/lib/rails/templates/rails/welcome/index.html.erb (3.5ms)
Completed 200 OK in 66ms (Views: 32.0ms | ActiveRecord: 0.0ms)


Started GET "/" for 127.0.0.1 at 2017-02-22 14:01:27 -0600
Processing by Rails::WelcomeController#index as HTML
  Parameters: {"internal"=>true}
  Rendering C:/RailsInstaller/Ruby2.3.0/lib/ruby/gems/2.3.0/gems/railties-5.0.1/lib/rails/templates/rails/welcome/index.html.erb
  Rendered C:/RailsInstaller/Ruby2.3.0/lib/ruby/gems/2.3.0/gems/railties-5.0.1/lib/rails/templates/rails/welcome/index.html.erb (6.0ms)
Completed 200 OK in 82ms (Views: 59.0ms | ActiveRecord: 0.0ms)


Started GET "/index" for 127.0.0.1 at 2017-02-22 14:01:34 -0600
  
ActionController::RoutingError (No route matches [GET] "/index"):
  
actionpack (5.0.1) lib/action_dispatch/middleware/debug_exceptions.rb:53:in `call'
web-console (3.4.0) lib/web_console/middleware.rb:135:in `call_app'
web-console (3.4.0) lib/web_console/middleware.rb:28:in `block in call'
web-console (3.4.0) lib/web_console/middleware.rb:18:in `catch'
web-console (3.4.0) lib/web_console/middleware.rb:18:in `call'
actionpack (5.0.1) lib/action_dispatch/middleware/show_exceptions.rb:31:in `call'
railties (5.0.1) lib/rails/rack/logger.rb:36:in `call_app'
railties (5.0.1) lib/rails/rack/logger.rb:24:in `block in call'
activesupport (5.0.1) lib/active_support/tagged_logging.rb:69:in `block in tagged'
activesupport (5.0.1) lib/active_support/tagged_logging.rb:26:in `tagged'
activesupport (5.0.1) lib/active_support/tagged_logging.rb:69:in `tagged'
railties (5.0.1) lib/rails/rack/logger.rb:24:in `call'
sprockets-rails (3.2.0) lib/sprockets/rails/quiet_assets.rb:13:in `call'
actionpack (5.0.1) lib/action_dispatch/middleware/request_id.rb:24:in `call'
rack (2.0.1) lib/rack/method_override.rb:22:in `call'
rack (2.0.1) lib/rack/runtime.rb:22:in `call'
activesupport (5.0.1) lib/active_support/cache/strategy/local_cache_middleware.rb:28:in `call'
actionpack (5.0.1) lib/action_dispatch/middleware/executor.rb:12:in `call'
actionpack (5.0.1) lib/action_dispatch/middleware/static.rb:136:in `call'
rack (2.0.1) lib/rack/sendfile.rb:111:in `call'
railties (5.0.1) lib/rails/engine.rb:522:in `call'
puma (3.7.0) lib/puma/configuration.rb:226:in `call'
puma (3.7.0) lib/puma/server.rb:578:in `handle_request'
puma (3.7.0) lib/puma/server.rb:415:in `process_client'
puma (3.7.0) lib/puma/server.rb:275:in `block in run'
puma (3.7.0) lib/puma/thread_pool.rb:120:in `block in spawn_thread'
  Rendering C:/RailsInstaller/Ruby2.3.0/lib/ruby/gems/2.3.0/gems/actionpack-5.0.1/lib/action_dispatch/middleware/templates/rescues/routing_error.html.erb within rescues/layout
  Rendering C:/RailsInstaller/Ruby2.3.0/lib/ruby/gems/2.3.0/gems/actionpack-5.0.1/lib/action_dispatch/middleware/templates/rescues/_trace.html.erb
  Rendered C:/RailsInstaller/Ruby2.3.0/lib/ruby/gems/2.3.0/gems/actionpack-5.0.1/lib/action_dispatch/middleware/templates/rescues/_trace.html.erb (1.0ms)
  Rendered C:/RailsInstaller/Ruby2.3.0/lib/ruby/gems/2.3.0/gems/actionpack-5.0.1/lib/action_dispatch/middleware/templates/routes/_table.html.erb (35.6ms)
  Rendering C:/RailsInstaller/Ruby2.3.0/lib/ruby/gems/2.3.0/gems/actionpack-5.0.1/lib/action_dispatch/middleware/templates/rescues/_request_and_response.html.erb
  Rendered C:/RailsInstaller/Ruby2.3.0/lib/ruby/gems/2.3.0/gems/actionpack-5.0.1/lib/action_dispatch/middleware/templates/rescues/_request_and_response.html.erb (0.5ms)
  Rendered C:/RailsInstaller/Ruby2.3.0/lib/ruby/gems/2.3.0/gems/actionpack-5.0.1/lib/action_dispatch/middleware/templates/rescues/routing_error.html.erb within rescues/layout (1120.2ms)
Started GET "/" for 127.0.0.1 at 2017-02-22 14:10:38 -0600
  
ArgumentError ('Welcome' is not a supported controller name. This can lead to potential routing problems. See http://guides.rubyonrails.org/routing.html#specifying-a-controller-to-use):
  
config/routes.rb:4:in `block in <top (required)>'
config/routes.rb:1:in `<top (required)>'
  Rendering C:/RailsInstaller/Ruby2.3.0/lib/ruby/gems/2.3.0/gems/actionpack-5.0.1/lib/action_dispatch/middleware/templates/rescues/diagnostics.html.erb within rescues/layout
  Rendering C:/RailsInstaller/Ruby2.3.0/lib/ruby/gems/2.3.0/gems/actionpack-5.0.1/lib/action_dispatch/middleware/templates/rescues/_source.html.erb
  Rendered C:/RailsInstaller/Ruby2.3.0/lib/ruby/gems/2.3.0/gems/actionpack-5.0.1/lib/action_dispatch/middleware/templates/rescues/_source.html.erb (3.5ms)
  Rendering C:/RailsInstaller/Ruby2.3.0/lib/ruby/gems/2.3.0/gems/actionpack-5.0.1/lib/action_dispatch/middleware/templates/rescues/_trace.html.erb
  Rendered C:/RailsInstaller/Ruby2.3.0/lib/ruby/gems/2.3.0/gems/actionpack-5.0.1/lib/action_dispatch/middleware/templates/rescues/_trace.html.erb (5.1ms)
  Rendering C:/RailsInstaller/Ruby2.3.0/lib/ruby/gems/2.3.0/gems/actionpack-5.0.1/lib/action_dispatch/middleware/templates/rescues/_request_and_response.html.erb
  Rendered C:/RailsInstaller/Ruby2.3.0/lib/ruby/gems/2.3.0/gems/actionpack-5.0.1/lib/action_dispatch/middleware/templates/rescues/_request_and_response.html.erb (1.0ms)
  Rendered C:/RailsInstaller/Ruby2.3.0/lib/ruby/gems/2.3.0/gems/actionpack-5.0.1/lib/action_dispatch/middleware/templates/rescues/diagnostics.html.erb within rescues/layout (967.9ms)
Started GET "/" for 127.0.0.1 at 2017-02-22 14:12:00 -0600
  
AbstractController::Helpers::MissingHelperError (Missing helper file helpers/c:/sites/zola_tech/app/helpers/application_helper.rb_helper.rb):
  
app/controllers/application_controller.rb:1:in `<top (required)>'
app/controllers/welcome_controller.rb:1:in `<top (required)>'
  Rendering C:/RailsInstaller/Ruby2.3.0/lib/ruby/gems/2.3.0/gems/actionpack-5.0.1/lib/action_dispatch/middleware/templates/rescues/diagnostics.html.erb within rescues/layout
  Rendering C:/RailsInstaller/Ruby2.3.0/lib/ruby/gems/2.3.0/gems/actionpack-5.0.1/lib/action_dispatch/middleware/templates/rescues/_source.html.erb
  Rendered C:/RailsInstaller/Ruby2.3.0/lib/ruby/gems/2.3.0/gems/actionpack-5.0.1/lib/action_dispatch/middleware/templates/rescues/_source.html.erb (3.0ms)
  Rendering C:/RailsInstaller/Ruby2.3.0/lib/ruby/gems/2.3.0/gems/actionpack-5.0.1/lib/action_dispatch/middleware/templates/rescues/_trace.html.erb
  Rendered C:/RailsInstaller/Ruby2.3.0/lib/ruby/gems/2.3.0/gems/actionpack-5.0.1/lib/action_dispatch/middleware/templates/rescues/_trace.html.erb (1.5ms)
  Rendering C:/RailsInstaller/Ruby2.3.0/lib/ruby/gems/2.3.0/gems/actionpack-5.0.1/lib/action_dispatch/middleware/templates/rescues/_request_and_response.html.erb
  Rendered C:/RailsInstaller/Ruby2.3.0/lib/ruby/gems/2.3.0/gems/actionpack-5.0.1/lib/action_dispatch/middleware/templates/rescues/_request_and_response.html.erb (1.0ms)
  Rendered C:/RailsInstaller/Ruby2.3.0/lib/ruby/gems/2.3.0/gems/actionpack-5.0.1/lib/action_dispatch/middleware/templates/rescues/diagnostics.html.erb within rescues/layout (932.0ms)
Started GET "/welcome/index" for 127.0.0.1 at 2017-02-22 14:16:39 -0600
  
AbstractController::Helpers::MissingHelperError (Missing helper file helpers/c:/sites/zola_tech/app/helpers/application_helper.rb_helper.rb):
  
app/controllers/application_controller.rb:1:in `<top (required)>'
app/controllers/welcome_controller.rb:1:in `<top (required)>'
  Rendering C:/RailsInstaller/Ruby2.3.0/lib/ruby/gems/2.3.0/gems/actionpack-5.0.1/lib/action_dispatch/middleware/templates/rescues/diagnostics.html.erb within rescues/layout
  Rendering C:/RailsInstaller/Ruby2.3.0/lib/ruby/gems/2.3.0/gems/actionpack-5.0.1/lib/action_dispatch/middleware/templates/rescues/_source.html.erb
  Rendered C:/RailsInstaller/Ruby2.3.0/lib/ruby/gems/2.3.0/gems/actionpack-5.0.1/lib/action_dispatch/middleware/templates/rescues/_source.html.erb (3.6ms)
  Rendering C:/RailsInstaller/Ruby2.3.0/lib/ruby/gems/2.3.0/gems/actionpack-5.0.1/lib/action_dispatch/middleware/templates/rescues/_trace.html.erb
  Rendered C:/RailsInstaller/Ruby2.3.0/lib/ruby/gems/2.3.0/gems/actionpack-5.0.1/lib/action_dispatch/middleware/templates/rescues/_trace.html.erb (4.0ms)
  Rendering C:/RailsInstaller/Ruby2.3.0/lib/ruby/gems/2.3.0/gems/actionpack-5.0.1/lib/action_dispatch/middleware/templates/rescues/_request_and_response.html.erb
  Rendered C:/RailsInstaller/Ruby2.3.0/lib/ruby/gems/2.3.0/gems/actionpack-5.0.1/lib/action_dispatch/middleware/templates/rescues/_request_and_response.html.erb (1.0ms)
  Rendered C:/RailsInstaller/Ruby2.3.0/lib/ruby/gems/2.3.0/gems/actionpack-5.0.1/lib/action_dispatch/middleware/templates/rescues/diagnostics.html.erb within rescues/layout (1013.8ms)
Started GET "/welcome/index" for 127.0.0.1 at 2017-02-22 14:16:50 -0600
  
AbstractController::Helpers::MissingHelperError (Missing helper file helpers/c:/sites/zola_tech/app/helpers/application_helper.rb_helper.rb):
  
app/controllers/application_controller.rb:1:in `<top (required)>'
app/controllers/welcome_controller.rb:1:in `<top (required)>'
  Rendering C:/RailsInstaller/Ruby2.3.0/lib/ruby/gems/2.3.0/gems/actionpack-5.0.1/lib/action_dispatch/middleware/templates/rescues/diagnostics.html.erb within rescues/layout
  Rendering C:/RailsInstaller/Ruby2.3.0/lib/ruby/gems/2.3.0/gems/actionpack-5.0.1/lib/action_dispatch/middleware/templates/rescues/_source.html.erb
  Rendered C:/RailsInstaller/Ruby2.3.0/lib/ruby/gems/2.3.0/gems/actionpack-5.0.1/lib/action_dispatch/middleware/templates/rescues/_source.html.erb (3.5ms)
  Rendering C:/RailsInstaller/Ruby2.3.0/lib/ruby/gems/2.3.0/gems/actionpack-5.0.1/lib/action_dispatch/middleware/templates/rescues/_trace.html.erb
  Rendered C:/RailsInstaller/Ruby2.3.0/lib/ruby/gems/2.3.0/gems/actionpack-5.0.1/lib/action_dispatch/middleware/templates/rescues/_trace.html.erb (1.5ms)
  Rendering C:/RailsInstaller/Ruby2.3.0/lib/ruby/gems/2.3.0/gems/actionpack-5.0.1/lib/action_dispatch/middleware/templates/rescues/_request_and_response.html.erb
  Rendered C:/RailsInstaller/Ruby2.3.0/lib/ruby/gems/2.3.0/gems/actionpack-5.0.1/lib/action_dispatch/middleware/templates/rescues/_request_and_response.html.erb (2.0ms)
  Rendered C:/RailsInstaller/Ruby2.3.0/lib/ruby/gems/2.3.0/gems/actionpack-5.0.1/lib/action_dispatch/middleware/templates/rescues/diagnostics.html.erb within rescues/layout (994.2ms)
Started POST "/__web_console/repl_sessions/ec9380001186b8d9d807d9237e45e6ca/trace" for 127.0.0.1 at 2017-02-22 14:17:12 -0600
Started POST "/__web_console/repl_sessions/ec9380001186b8d9d807d9237e45e6ca/trace" for 127.0.0.1 at 2017-02-22 14:17:13 -0600
Started POST "/__web_console/repl_sessions/ec9380001186b8d9d807d9237e45e6ca/trace" for 127.0.0.1 at 2017-02-22 14:17:13 -0600
Started POST "/__web_console/repl_sessions/ec9380001186b8d9d807d9237e45e6ca/trace" for 127.0.0.1 at 2017-02-22 14:17:16 -0600
Started POST "/__web_console/repl_sessions/ec9380001186b8d9d807d9237e45e6ca/trace" for 127.0.0.1 at 2017-02-22 14:17:16 -0600
Started GET "/" for 127.0.0.1 at 2017-02-22 14:29:28 -0600
  
AbstractController::Helpers::MissingHelperError (Missing helper file helpers/c:/sites/zola_tech/app/helpers/application_helper.rb_helper.rb):
  
app/controllers/application_controller.rb:1:in `<top (required)>'
app/controllers/welcome_controller.rb:1:in `<top (required)>'
  Rendering C:/RailsInstaller/Ruby2.3.0/lib/ruby/gems/2.3.0/gems/actionpack-5.0.1/lib/action_dispatch/middleware/templates/rescues/diagnostics.html.erb within rescues/layout
  Rendering C:/RailsInstaller/Ruby2.3.0/lib/ruby/gems/2.3.0/gems/actionpack-5.0.1/lib/action_dispatch/middleware/templates/rescues/_source.html.erb
  Rendered C:/RailsInstaller/Ruby2.3.0/lib/ruby/gems/2.3.0/gems/actionpack-5.0.1/lib/action_dispatch/middleware/templates/rescues/_source.html.erb (3.0ms)
  Rendering C:/RailsInstaller/Ruby2.3.0/lib/ruby/gems/2.3.0/gems/actionpack-5.0.1/lib/action_dispatch/middleware/templates/rescues/_trace.html.erb
  Rendered C:/RailsInstaller/Ruby2.3.0/lib/ruby/gems/2.3.0/gems/actionpack-5.0.1/lib/action_dispatch/middleware/templates/rescues/_trace.html.erb (2.0ms)
  Rendering C:/RailsInstaller/Ruby2.3.0/lib/ruby/gems/2.3.0/gems/actionpack-5.0.1/lib/action_dispatch/middleware/templates/rescues/_request_and_response.html.erb
  Rendered C:/RailsInstaller/Ruby2.3.0/lib/ruby/gems/2.3.0/gems/actionpack-5.0.1/lib/action_dispatch/middleware/templates/rescues/_request_and_response.html.erb (1.5ms)
  Rendered C:/RailsInstaller/Ruby2.3.0/lib/ruby/gems/2.3.0/gems/actionpack-5.0.1/lib/action_dispatch/middleware/templates/rescues/diagnostics.html.erb within rescues/layout (945.2ms)
Started GET "/" for 127.0.0.1 at 2017-03-02 00:53:31 -0600
Processing by WelcomeController#index as HTML
  Rendering welcome/index.html.erb within layouts/application
  Rendered welcome/index.html.erb within layouts/application (4.0ms)
Completed 200 OK in 159ms (Views: 106.6ms | ActiveRecord: 0.0ms)


Started GET "/paris.jpg" for 127.0.0.1 at 2017-03-02 00:53:32 -0600
  
ActionController::RoutingError (No route matches [GET] "/paris.jpg"):
  
actionpack (5.0.1) lib/action_dispatch/middleware/debug_exceptions.rb:53:in `call'
web-console (3.4.0) lib/web_console/middleware.rb:135:in `call_app'
web-console (3.4.0) lib/web_console/middleware.rb:28:in `block in call'
web-console (3.4.0) lib/web_console/middleware.rb:18:in `catch'
web-console (3.4.0) lib/web_console/middleware.rb:18:in `call'
actionpack (5.0.1) lib/action_dispatch/middleware/show_exceptions.rb:31:in `call'
railties (5.0.1) lib/rails/rack/logger.rb:36:in `call_app'
railties (5.0.1) lib/rails/rack/logger.rb:24:in `block in call'
activesupport (5.0.1) lib/active_support/tagged_logging.rb:69:in `block in tagged'
activesupport (5.0.1) lib/active_support/tagged_logging.rb:26:in `tagged'
activesupport (5.0.1) lib/active_support/tagged_logging.rb:69:in `tagged'
railties (5.0.1) lib/rails/rack/logger.rb:24:in `call'
sprockets-rails (3.2.0) lib/sprockets/rails/quiet_assets.rb:13:in `call'
actionpack (5.0.1) lib/action_dispatch/middleware/request_id.rb:24:in `call'
rack (2.0.1) lib/rack/method_override.rb:22:in `call'
rack (2.0.1) lib/rack/runtime.rb:22:in `call'
activesupport (5.0.1) lib/active_support/cache/strategy/local_cache_middleware.rb:28:in `call'
actionpack (5.0.1) lib/action_dispatch/middleware/executor.rb:12:in `call'
actionpack (5.0.1) lib/action_dispatch/middleware/static.rb:136:in `call'
rack (2.0.1) lib/rack/sendfile.rb:111:in `call'
railties (5.0.1) lib/rails/engine.rb:522:in `call'
puma (3.7.0) lib/puma/configuration.rb:226:in `call'
puma (3.7.0) lib/puma/server.rb:578:in `handle_request'
puma (3.7.0) lib/puma/server.rb:415:in `process_client'
puma (3.7.0) lib/puma/server.rb:275:in `block in run'
puma (3.7.0) lib/puma/thread_pool.rb:120:in `block in spawn_thread'
Started GET "/newyork.jpg" for 127.0.0.1 at 2017-03-02 00:53:32 -0600
Started GET "/sanfran.jpg" for 127.0.0.1 at 2017-03-02 00:53:32 -0600
  
  
ActionController::RoutingError (No route matches [GET] "/newyork.jpg"):
ActionController::RoutingError (No route matches [GET] "/sanfran.jpg"):
  
  
actionpack (5.0.1) lib/action_dispatch/middleware/debug_exceptions.rb:53:in `call'
web-console (3.4.0) lib/web_console/middleware.rb:135:in `call_app'
web-console (3.4.0) lib/web_console/middleware.rb:28:in `block in call'
web-console (3.4.0) lib/web_console/middleware.rb:18:in `catch'
web-console (3.4.0) lib/web_console/middleware.rb:18:in `call'
actionpack (5.0.1) lib/action_dispatch/middleware/show_exceptions.rb:31:in `call'
railties (5.0.1) lib/rails/rack/logger.rb:36:in `call_app'
railties (5.0.1) lib/rails/rack/logger.rb:24:in `block in call'
activesupport (5.0.1) lib/active_support/tagged_logging.rb:69:in `block in tagged'
activesupport (5.0.1) lib/active_support/tagged_logging.rb:26:in `tagged'
activesupport (5.0.1) lib/active_support/tagged_logging.rb:69:in `tagged'
railties (5.0.1) lib/rails/rack/logger.rb:24:in `call'
sprockets-rails (3.2.0) lib/sprockets/rails/quiet_assets.rb:13:in `call'
actionpack (5.0.1) lib/action_dispatch/middleware/request_id.rb:24:in `call'
rack (2.0.1) lib/rack/method_override.rb:22:in `call'
rack (2.0.1) lib/rack/runtime.rb:22:in `call'
activesupport (5.0.1) lib/active_support/cache/strategy/local_cache_middleware.rb:28:in `call'
actionpack (5.0.1) lib/action_dispatch/middleware/executor.rb:12:in `call'
actionpack (5.0.1) lib/action_dispatch/middleware/static.rb:136:in `call'
rack (2.0.1) lib/rack/sendfile.rb:111:in `call'
railties (5.0.1) lib/rails/engine.rb:522:in `call'
puma (3.7.0) lib/puma/configuration.rb:226:in `call'
puma (3.7.0) lib/puma/server.rb:578:in `handle_request'
puma (3.7.0) lib/puma/server.rb:415:in `process_client'
puma (3.7.0) lib/puma/server.rb:275:in `block in run'
puma (3.7.0) lib/puma/thread_pool.rb:120:in `block in spawn_thread'
actionpack (5.0.1) lib/action_dispatch/middleware/debug_exceptions.rb:53:in `call'
web-console (3.4.0) lib/web_console/middleware.rb:135:in `call_app'
web-console (3.4.0) lib/web_console/middleware.rb:28:in `block in call'
web-console (3.4.0) lib/web_console/middleware.rb:18:in `catch'
web-console (3.4.0) lib/web_console/middleware.rb:18:in `call'
actionpack (5.0.1) lib/action_dispatch/middleware/show_exceptions.rb:31:in `call'
railties (5.0.1) lib/rails/rack/logger.rb:36:in `call_app'
railties (5.0.1) lib/rails/rack/logger.rb:24:in `block in call'
activesupport (5.0.1) lib/active_support/tagged_logging.rb:69:in `block in tagged'
activesupport (5.0.1) lib/active_support/tagged_logging.rb:26:in `tagged'
activesupport (5.0.1) lib/active_support/tagged_logging.rb:69:in `tagged'
railties (5.0.1) lib/rails/rack/logger.rb:24:in `call'
sprockets-rails (3.2.0) lib/sprockets/rails/quiet_assets.rb:13:in `call'
actionpack (5.0.1) lib/action_dispatch/middleware/request_id.rb:24:in `call'
rack (2.0.1) lib/rack/method_override.rb:22:in `call'
rack (2.0.1) lib/rack/runtime.rb:22:in `call'
activesupport (5.0.1) lib/active_support/cache/strategy/local_cache_middleware.rb:28:in `call'
actionpack (5.0.1) lib/action_dispatch/middleware/executor.rb:12:in `call'
actionpack (5.0.1) lib/action_dispatch/middleware/static.rb:136:in `call'
rack (2.0.1) lib/rack/sendfile.rb:111:in `call'
railties (5.0.1) lib/rails/engine.rb:522:in `call'
puma (3.7.0) lib/puma/configuration.rb:226:in `call'
puma (3.7.0) lib/puma/server.rb:578:in `handle_request'
puma (3.7.0) lib/puma/server.rb:415:in `process_client'
puma (3.7.0) lib/puma/server.rb:275:in `block in run'
puma (3.7.0) lib/puma/thread_pool.rb:120:in `block in spawn_thread'
  Rendering C:/RailsInstaller/Ruby2.3.0/lib/ruby/gems/2.3.0/gems/actionpack-5.0.1/lib/action_dispatch/middleware/templates/rescues/routing_error.html.erb within rescues/layout
  Rendering C:/RailsInstaller/Ruby2.3.0/lib/ruby/gems/2.3.0/gems/actionpack-5.0.1/lib/action_dispatch/middleware/templates/rescues/_trace.html.erb
  Rendered C:/RailsInstaller/Ruby2.3.0/lib/ruby/gems/2.3.0/gems/actionpack-5.0.1/lib/action_dispatch/middleware/templates/rescues/_trace.html.erb (1.9ms)
  Rendered collection of C:/RailsInstaller/Ruby2.3.0/lib/ruby/gems/2.3.0/gems/actionpack-5.0.1/lib/action_dispatch/middleware/templates/routes/_route.html.erb [2 times] (67.5ms)
  Rendering C:/RailsInstaller/Ruby2.3.0/lib/ruby/gems/2.3.0/gems/actionpack-5.0.1/lib/action_dispatch/middleware/templates/rescues/routing_error.html.erb within rescues/layout
  Rendering C:/RailsInstaller/Ruby2.3.0/lib/ruby/gems/2.3.0/gems/actionpack-5.0.1/lib/action_dispatch/middleware/templates/rescues/routing_error.html.erb within rescues/layout
  Rendering C:/RailsInstaller/Ruby2.3.0/lib/ruby/gems/2.3.0/gems/actionpack-5.0.1/lib/action_dispatch/middleware/templates/rescues/_trace.html.erb
  Rendering C:/RailsInstaller/Ruby2.3.0/lib/ruby/gems/2.3.0/gems/actionpack-5.0.1/lib/action_dispatch/middleware/templates/rescues/_trace.html.erb
  Rendered C:/RailsInstaller/Ruby2.3.0/lib/ruby/gems/2.3.0/gems/actionpack-5.0.1/lib/action_dispatch/middleware/templates/rescues/_trace.html.erb (1.5ms)
  Rendered C:/RailsInstaller/Ruby2.3.0/lib/ruby/gems/2.3.0/gems/actionpack-5.0.1/lib/action_dispatch/middleware/templates/rescues/_trace.html.erb (3.0ms)
  Rendered C:/RailsInstaller/Ruby2.3.0/lib/ruby/gems/2.3.0/gems/actionpack-5.0.1/lib/action_dispatch/middleware/templates/routes/_table.html.erb (464.2ms)
  Rendered collection of C:/RailsInstaller/Ruby2.3.0/lib/ruby/gems/2.3.0/gems/actionpack-5.0.1/lib/action_dispatch/middleware/templates/routes/_route.html.erb [2 times] (2.5ms)
  Rendered collection of C:/RailsInstaller/Ruby2.3.0/lib/ruby/gems/2.3.0/gems/actionpack-5.0.1/lib/action_dispatch/middleware/templates/routes/_route.html.erb [2 times] (1.0ms)
  Rendering C:/RailsInstaller/Ruby2.3.0/lib/ruby/gems/2.3.0/gems/actionpack-5.0.1/lib/action_dispatch/middleware/templates/rescues/_request_and_response.html.erb
  Rendered C:/RailsInstaller/Ruby2.3.0/lib/ruby/gems/2.3.0/gems/actionpack-5.0.1/lib/action_dispatch/middleware/templates/routes/_table.html.erb (1.5ms)
  Rendered C:/RailsInstaller/Ruby2.3.0/lib/ruby/gems/2.3.0/gems/actionpack-5.0.1/lib/action_dispatch/middleware/templates/routes/_table.html.erb (2.0ms)
  Rendered C:/RailsInstaller/Ruby2.3.0/lib/ruby/gems/2.3.0/gems/actionpack-5.0.1/lib/action_dispatch/middleware/templates/rescues/_request_and_response.html.erb (1.0ms)
  Rendering C:/RailsInstaller/Ruby2.3.0/lib/ruby/gems/2.3.0/gems/actionpack-5.0.1/lib/action_dispatch/middleware/templates/rescues/_request_and_response.html.erb
  Rendered C:/RailsInstaller/Ruby2.3.0/lib/ruby/gems/2.3.0/gems/actionpack-5.0.1/lib/action_dispatch/middleware/templates/rescues/routing_error.html.erb within rescues/layout (5288.5ms)
  Rendered C:/RailsInstaller/Ruby2.3.0/lib/ruby/gems/2.3.0/gems/actionpack-5.0.1/lib/action_dispatch/middleware/templates/rescues/_request_and_response.html.erb (1.5ms)
  Rendering C:/RailsInstaller/Ruby2.3.0/lib/ruby/gems/2.3.0/gems/actionpack-5.0.1/lib/action_dispatch/middleware/templates/rescues/_request_and_response.html.erb
  Rendered C:/RailsInstaller/Ruby2.3.0/lib/ruby/gems/2.3.0/gems/actionpack-5.0.1/lib/action_dispatch/middleware/templates/rescues/routing_error.html.erb within rescues/layout (3357.5ms)
  Rendered C:/RailsInstaller/Ruby2.3.0/lib/ruby/gems/2.3.0/gems/actionpack-5.0.1/lib/action_dispatch/middleware/templates/rescues/_request_and_response.html.erb (1.5ms)
  Rendered C:/RailsInstaller/Ruby2.3.0/lib/ruby/gems/2.3.0/gems/actionpack-5.0.1/lib/action_dispatch/middleware/templates/rescues/routing_error.html.erb within rescues/layout (3025.1ms)
Started GET "/" for 127.0.0.1 at 2017-03-17 14:58:21 -0500
Processing by WelcomeController#index as HTML
  Rendering welcome/index.html.erb within layouts/application
  Rendered welcome/index.html.erb within layouts/application (3.5ms)
Completed 200 OK in 103ms (Views: 50.5ms | ActiveRecord: 0.0ms)


Started GET "/paris.jpg" for 127.0.0.1 at 2017-03-17 14:58:22 -0500
  
Started GET "/newyork.jpg" for 127.0.0.1 at 2017-03-17 14:58:22 -0500
Started GET "/sanfran.jpg" for 127.0.0.1 at 2017-03-17 14:58:22 -0500
ActionController::RoutingError (No route matches [GET] "/paris.jpg"):
  
  
  
ActionController::RoutingError (No route matches [GET] "/newyork.jpg"):
ActionController::RoutingError (No route matches [GET] "/sanfran.jpg"):
actionpack (5.0.1) lib/action_dispatch/middleware/debug_exceptions.rb:53:in `call'
web-console (3.4.0) lib/web_console/middleware.rb:135:in `call_app'
web-console (3.4.0) lib/web_console/middleware.rb:28:in `block in call'
web-console (3.4.0) lib/web_console/middleware.rb:18:in `catch'
web-console (3.4.0) lib/web_console/middleware.rb:18:in `call'
actionpack (5.0.1) lib/action_dispatch/middleware/show_exceptions.rb:31:in `call'
railties (5.0.1) lib/rails/rack/logger.rb:36:in `call_app'
railties (5.0.1) lib/rails/rack/logger.rb:24:in `block in call'
activesupport (5.0.1) lib/active_support/tagged_logging.rb:69:in `block in tagged'
activesupport (5.0.1) lib/active_support/tagged_logging.rb:26:in `tagged'
activesupport (5.0.1) lib/active_support/tagged_logging.rb:69:in `tagged'
railties (5.0.1) lib/rails/rack/logger.rb:24:in `call'
sprockets-rails (3.2.0) lib/sprockets/rails/quiet_assets.rb:13:in `call'
actionpack (5.0.1) lib/action_dispatch/middleware/request_id.rb:24:in `call'
rack (2.0.1) lib/rack/method_override.rb:22:in `call'
rack (2.0.1) lib/rack/runtime.rb:22:in `call'
activesupport (5.0.1) lib/active_support/cache/strategy/local_cache_middleware.rb:28:in `call'
actionpack (5.0.1) lib/action_dispatch/middleware/executor.rb:12:in `call'
actionpack (5.0.1) lib/action_dispatch/middleware/static.rb:136:in `call'
rack (2.0.1) lib/rack/sendfile.rb:111:in `call'
railties (5.0.1) lib/rails/engine.rb:522:in `call'
puma (3.7.0) lib/puma/configuration.rb:226:in `call'
puma (3.7.0) lib/puma/server.rb:578:in `handle_request'
puma (3.7.0) lib/puma/server.rb:415:in `process_client'
puma (3.7.0) lib/puma/server.rb:275:in `block in run'
puma (3.7.0) lib/puma/thread_pool.rb:120:in `block in spawn_thread'
  
  
actionpack (5.0.1) lib/action_dispatch/middleware/debug_exceptions.rb:53:in `call'
web-console (3.4.0) lib/web_console/middleware.rb:135:in `call_app'
web-console (3.4.0) lib/web_console/middleware.rb:28:in `block in call'
web-console (3.4.0) lib/web_console/middleware.rb:18:in `catch'
web-console (3.4.0) lib/web_console/middleware.rb:18:in `call'
actionpack (5.0.1) lib/action_dispatch/middleware/show_exceptions.rb:31:in `call'
railties (5.0.1) lib/rails/rack/logger.rb:36:in `call_app'
railties (5.0.1) lib/rails/rack/logger.rb:24:in `block in call'
activesupport (5.0.1) lib/active_support/tagged_logging.rb:69:in `block in tagged'
activesupport (5.0.1) lib/active_support/tagged_logging.rb:26:in `tagged'
activesupport (5.0.1) lib/active_support/tagged_logging.rb:69:in `tagged'
railties (5.0.1) lib/rails/rack/logger.rb:24:in `call'
sprockets-rails (3.2.0) lib/sprockets/rails/quiet_assets.rb:13:in `call'
actionpack (5.0.1) lib/action_dispatch/middleware/request_id.rb:24:in `call'
rack (2.0.1) lib/rack/method_override.rb:22:in `call'
rack (2.0.1) lib/rack/runtime.rb:22:in `call'
activesupport (5.0.1) lib/active_support/cache/strategy/local_cache_middleware.rb:28:in `call'
actionpack (5.0.1) lib/action_dispatch/middleware/executor.rb:12:in `call'
actionpack (5.0.1) lib/action_dispatch/middleware/static.rb:136:in `call'
rack (2.0.1) lib/rack/sendfile.rb:111:in `call'
railties (5.0.1) lib/rails/engine.rb:522:in `call'
puma (3.7.0) lib/puma/configuration.rb:226:in `call'
puma (3.7.0) lib/puma/server.rb:578:in `handle_request'
puma (3.7.0) lib/puma/server.rb:415:in `process_client'
puma (3.7.0) lib/puma/server.rb:275:in `block in run'
puma (3.7.0) lib/puma/thread_pool.rb:120:in `block in spawn_thread'
actionpack (5.0.1) lib/action_dispatch/middleware/debug_exceptions.rb:53:in `call'
web-console (3.4.0) lib/web_console/middleware.rb:135:in `call_app'
web-console (3.4.0) lib/web_console/middleware.rb:28:in `block in call'
web-console (3.4.0) lib/web_console/middleware.rb:18:in `catch'
web-console (3.4.0) lib/web_console/middleware.rb:18:in `call'
actionpack (5.0.1) lib/action_dispatch/middleware/show_exceptions.rb:31:in `call'
railties (5.0.1) lib/rails/rack/logger.rb:36:in `call_app'
railties (5.0.1) lib/rails/rack/logger.rb:24:in `block in call'
activesupport (5.0.1) lib/active_support/tagged_logging.rb:69:in `block in tagged'
activesupport (5.0.1) lib/active_support/tagged_logging.rb:26:in `tagged'
activesupport (5.0.1) lib/active_support/tagged_logging.rb:69:in `tagged'
railties (5.0.1) lib/rails/rack/logger.rb:24:in `call'
sprockets-rails (3.2.0) lib/sprockets/rails/quiet_assets.rb:13:in `call'
actionpack (5.0.1) lib/action_dispatch/middleware/request_id.rb:24:in `call'
rack (2.0.1) lib/rack/method_override.rb:22:in `call'
rack (2.0.1) lib/rack/runtime.rb:22:in `call'
activesupport (5.0.1) lib/active_support/cache/strategy/local_cache_middleware.rb:28:in `call'
actionpack (5.0.1) lib/action_dispatch/middleware/executor.rb:12:in `call'
actionpack (5.0.1) lib/action_dispatch/middleware/static.rb:136:in `call'
rack (2.0.1) lib/rack/sendfile.rb:111:in `call'
railties (5.0.1) lib/rails/engine.rb:522:in `call'
puma (3.7.0) lib/puma/configuration.rb:226:in `call'
puma (3.7.0) lib/puma/server.rb:578:in `handle_request'
puma (3.7.0) lib/puma/server.rb:415:in `process_client'
puma (3.7.0) lib/puma/server.rb:275:in `block in run'
puma (3.7.0) lib/puma/thread_pool.rb:120:in `block in spawn_thread'
  Rendering C:/RailsInstaller/Ruby2.3.0/lib/ruby/gems/2.3.0/gems/actionpack-5.0.1/lib/action_dispatch/middleware/templates/rescues/routing_error.html.erb within rescues/layout
  Rendering C:/RailsInstaller/Ruby2.3.0/lib/ruby/gems/2.3.0/gems/actionpack-5.0.1/lib/action_dispatch/middleware/templates/rescues/routing_error.html.erb within rescues/layout
  Rendering C:/RailsInstaller/Ruby2.3.0/lib/ruby/gems/2.3.0/gems/actionpack-5.0.1/lib/action_dispatch/middleware/templates/rescues/routing_error.html.erb within rescues/layout
  Rendering C:/RailsInstaller/Ruby2.3.0/lib/ruby/gems/2.3.0/gems/actionpack-5.0.1/lib/action_dispatch/middleware/templates/rescues/_trace.html.erb
  Rendering C:/RailsInstaller/Ruby2.3.0/lib/ruby/gems/2.3.0/gems/actionpack-5.0.1/lib/action_dispatch/middleware/templates/rescues/_trace.html.erb
  Rendered C:/RailsInstaller/Ruby2.3.0/lib/ruby/gems/2.3.0/gems/actionpack-5.0.1/lib/action_dispatch/middleware/templates/rescues/_trace.html.erb (1.5ms)
  Rendering C:/RailsInstaller/Ruby2.3.0/lib/ruby/gems/2.3.0/gems/actionpack-5.0.1/lib/action_dispatch/middleware/templates/rescues/_trace.html.erb
  Rendered C:/RailsInstaller/Ruby2.3.0/lib/ruby/gems/2.3.0/gems/actionpack-5.0.1/lib/action_dispatch/middleware/templates/rescues/_trace.html.erb (1.0ms)
  Rendered C:/RailsInstaller/Ruby2.3.0/lib/ruby/gems/2.3.0/gems/actionpack-5.0.1/lib/action_dispatch/middleware/templates/rescues/_trace.html.erb (1.0ms)
  Rendered collection of C:/RailsInstaller/Ruby2.3.0/lib/ruby/gems/2.3.0/gems/actionpack-5.0.1/lib/action_dispatch/middleware/templates/routes/_route.html.erb [2 times] (461.2ms)
  Rendered collection of C:/RailsInstaller/Ruby2.3.0/lib/ruby/gems/2.3.0/gems/actionpack-5.0.1/lib/action_dispatch/middleware/templates/routes/_route.html.erb [2 times] (1.5ms)
  Rendered collection of C:/RailsInstaller/Ruby2.3.0/lib/ruby/gems/2.3.0/gems/actionpack-5.0.1/lib/action_dispatch/middleware/templates/routes/_route.html.erb [2 times] (1.5ms)
  Rendered C:/RailsInstaller/Ruby2.3.0/lib/ruby/gems/2.3.0/gems/actionpack-5.0.1/lib/action_dispatch/middleware/templates/routes/_table.html.erb (380.0ms)
  Rendered C:/RailsInstaller/Ruby2.3.0/lib/ruby/gems/2.3.0/gems/actionpack-5.0.1/lib/action_dispatch/middleware/templates/routes/_table.html.erb (13.0ms)
  Rendered C:/RailsInstaller/Ruby2.3.0/lib/ruby/gems/2.3.0/gems/actionpack-5.0.1/lib/action_dispatch/middleware/templates/routes/_table.html.erb (58.6ms)
  Rendering C:/RailsInstaller/Ruby2.3.0/lib/ruby/gems/2.3.0/gems/actionpack-5.0.1/lib/action_dispatch/middleware/templates/rescues/_request_and_response.html.erb
  Rendering C:/RailsInstaller/Ruby2.3.0/lib/ruby/gems/2.3.0/gems/actionpack-5.0.1/lib/action_dispatch/middleware/templates/rescues/_request_and_response.html.erb
  Rendered C:/RailsInstaller/Ruby2.3.0/lib/ruby/gems/2.3.0/gems/actionpack-5.0.1/lib/action_dispatch/middleware/templates/rescues/_request_and_response.html.erb (1.0ms)
  Rendering C:/RailsInstaller/Ruby2.3.0/lib/ruby/gems/2.3.0/gems/actionpack-5.0.1/lib/action_dispatch/middleware/templates/rescues/_request_and_response.html.erb
  Rendered C:/RailsInstaller/Ruby2.3.0/lib/ruby/gems/2.3.0/gems/actionpack-5.0.1/lib/action_dispatch/middleware/templates/rescues/_request_and_response.html.erb (1.5ms)
  Rendered C:/RailsInstaller/Ruby2.3.0/lib/ruby/gems/2.3.0/gems/actionpack-5.0.1/lib/action_dispatch/middleware/templates/rescues/routing_error.html.erb within rescues/layout (4458.1ms)
  Rendered C:/RailsInstaller/Ruby2.3.0/lib/ruby/gems/2.3.0/gems/actionpack-5.0.1/lib/action_dispatch/middleware/templates/rescues/_request_and_response.html.erb (0.5ms)
  Rendered C:/RailsInstaller/Ruby2.3.0/lib/ruby/gems/2.3.0/gems/actionpack-5.0.1/lib/action_dispatch/middleware/templates/rescues/routing_error.html.erb within rescues/layout (3802.3ms)
  Rendered C:/RailsInstaller/Ruby2.3.0/lib/ruby/gems/2.3.0/gems/actionpack-5.0.1/lib/action_dispatch/middleware/templates/rescues/routing_error.html.erb within rescues/layout (4139.7ms)
